<?xml version="1.0" encoding="UTF-8"?>
<!-- Generated by org.testng.reporters.JUnitReportReporter -->
<testsuite skipped="0" hostname="Dreammoon" name="testExample.TestNG01" tests="1" failures="0" timestamp="12 Sep 2018 18:17:19 GMT" time="0.001" errors="0">
  <testcase name="testCase01" time="0.001" classname="testExample.TestNG01"/>
</testsuite> <!-- testExample.TestNG01 -->
