<?xml version="1.0" encoding="UTF-8"?>
<!-- Generated by org.testng.reporters.JUnitReportReporter -->
<testsuite skipped="0" hostname="Dreammoon" name="testExample.TestNG01" tests="2" failures="0" timestamp="27 Aug 2018 21:41:45 GMT" time="0.003" errors="0">
  <testcase name="testCase02" time="0.002" classname="testExample.TestNG01"/>
  <testcase name="testCase03" time="0.001" classname="testExample.TestNG01"/>
</testsuite> <!-- testExample.TestNG01 -->
