<?xml version="1.0" encoding="UTF-8"?>
<!-- Generated by org.testng.reporters.JUnitReportReporter -->
<testsuite skipped="0" hostname="Dreammoon" name="testExample.TestNG02" tests="3" failures="0" timestamp="12 Sep 2018 18:17:19 GMT" time="0.010" errors="0">
  <testcase name="Test05" time="0.001" classname="testExample.TestNG02"/>
  <testcase name="Test04" time="0.009" classname="testExample.TestNG02"/>
  <testcase name="TestNG02" time="0.000" classname="testExample.TestNG02"/>
</testsuite> <!-- testExample.TestNG02 -->
