<?xml version="1.0" encoding="UTF-8"?>
<!-- Generated by org.testng.reporters.JUnitReportReporter -->
<testsuite skipped="0" hostname="Dreammoon" name="testExample.TestNG01" tests="3" failures="0" timestamp="27 Aug 2018 21:57:03 GMT" time="0.012" errors="0">
  <testcase name="testCase02" time="0.002" classname="testExample.TestNG01"/>
  <testcase name="testCase03" time="0.002" classname="testExample.TestNG01"/>
  <testcase name="testCase01" time="0.008" classname="testExample.TestNG01"/>
</testsuite> <!-- testExample.TestNG01 -->
