<?xml version="1.0" encoding="UTF-8"?>
<!-- Generated by org.testng.reporters.JUnitReportReporter -->
<testsuite skipped="0" hostname="Dreammoon" name="testExample.TestNG02" tests="1" failures="0" timestamp="27 Aug 2018 21:41:45 GMT" time="0.009" errors="0">
  <testcase name="Test05" time="0.009" classname="testExample.TestNG02"/>
</testsuite> <!-- testExample.TestNG02 -->
